Сборка начата 09.03.2024 17:13:58.
Уровень детализации журнала: Normal.     1>Проект "D:\Денис\2 сем\оаип\лабы\laba10\var9\var9.vcxproj" в узле 2 (целевые объекты Build).
     1>PrepareForBuild:
         Структурированный вывод включен. Форматирование диагностики компилятора будет отражать иерархию ошибок. Подробнее см. https://aka.ms/cpp/structured-output.
       InitializeBuildStatus:
         Создание "x64\Debug\var9.tlog\unsuccessfulbuild", так как было задано "AlwaysCreate".
         Обращение к "x64\Debug\var9.tlog\unsuccessfulbuild".
       ClCompile:
         C:\Program Files\Microsoft Visual Studio\2022\Community\VC\Tools\MSVC\14.38.33130\bin\HostX64\x64\CL.exe /c /ZI /JMC /nologo /W3 /WX- /diagnostics:column /sdl /Od /D _DEBUG /D _CONSOLE /D _UNICODE /D UNICODE /Gm- /EHsc /RTC1 /MDd /GS /fp:precise /Zc:wchar_t /Zc:forScope /Zc:inline /permissive- /Fo"x64\Debug\\" /Fd"x64\Debug\vc143.pdb" /external:W3 /Gd /TP /FC /errorReport:prompt var9.cpp
         var9.cpp
     1>D:\Денис\2 сем\оаип\лабы\laba10\var9\var9.cpp(52): warning C4715: multi_numbers: значение возвращается не при всех путях выполнения
       Link:
         C:\Program Files\Microsoft Visual Studio\2022\Community\VC\Tools\MSVC\14.38.33130\bin\HostX64\x64\link.exe /ERRORREPORT:PROMPT /OUT:"D:\Денис\2 сем\оаип\лабы\laba10\x64\Debug\var9.exe" /INCREMENTAL /ILK:"x64\Debug\var9.ilk" /NOLOGO kernel32.lib user32.lib gdi32.lib winspool.lib comdlg32.lib advapi32.lib shell32.lib ole32.lib oleaut32.lib uuid.lib odbc32.lib odbccp32.lib /MANIFEST /MANIFESTUAC:"level='asInvoker' uiAccess='false'" /manifest:embed /DEBUG /PDB:"D:\Денис\2 сем\оаип\лабы\laba10\x64\Debug\var9.pdb" /SUBSYSTEM:CONSOLE /TLBID:1 /DYNAMICBASE /NXCOMPAT /IMPLIB:"D:\Денис\2 сем\оаип\лабы\laba10\x64\Debug\var9.lib" /MACHINE:X64 x64\Debug\var9.obj
         var9.vcxproj -> D:\Денис\2 сем\оаип\лабы\laba10\x64\Debug\var9.exe
       FinalizeBuildStatus:
         Файл "x64\Debug\var9.tlog\unsuccessfulbuild" удаляется.
         Обращение к "x64\Debug\var9.tlog\var9.lastbuildstate".
     1>Сборка проекта "D:\Денис\2 сем\оаип\лабы\laba10\var9\var9.vcxproj" завершена (целевые объекты Build).

Сборка успешно завершена.

       "D:\Денис\2 сем\оаип\лабы\laba10\var9\var9.vcxproj" (целевой объект Build ) (1) ->
       (Целевой объект ClCompile) -> 
         D:\Денис\2 сем\оаип\лабы\laba10\var9\var9.cpp(52): warning C4715: multi_numbers: значение возвращается не при всех путях выполнения

    Предупреждений: 1
    Ошибок: 0

Прошло времени 00:00:00.67
