Сборка начата 05.03.2024 17:23:32.
Уровень детализации журнала: Normal.     1>Проект "D:\Денис\2 сем\оаип\лабы\laba7\var2\var2.vcxproj" в узле 2 (целевые объекты Build).
     1>PrepareForBuild:
         Структурированный вывод включен. Форматирование диагностики компилятора будет отражать иерархию ошибок. Подробнее см. https://aka.ms/cpp/structured-output.
       InitializeBuildStatus:
         Обращение к "x64\Debug\var2.tlog\unsuccessfulbuild".
       ClCompile:
         C:\Program Files\Microsoft Visual Studio\2022\Community\VC\Tools\MSVC\14.38.33130\bin\HostX64\x64\CL.exe /c /ZI /JMC /nologo /W3 /WX- /diagnostics:column /sdl /Od /D _DEBUG /D _CONSOLE /D _UNICODE /D UNICODE /Gm- /EHsc /RTC1 /MDd /GS /fp:precise /Zc:wchar_t /Zc:forScope /Zc:inline /permissive- /Fo"x64\Debug\\" /Fd"x64\Debug\vc143.pdb" /external:W3 /Gd /TP /FC /errorReport:prompt func.cpp var2.cpp
         func.cpp
     1>D:\Денис\2 сем\оаип\лабы\laba7\var2\func.cpp(80,10): warning C4101: buf: неиспользованная локальная переменная
         var2.cpp
         Создание кода...
       Link:
         C:\Program Files\Microsoft Visual Studio\2022\Community\VC\Tools\MSVC\14.38.33130\bin\HostX64\x64\link.exe /ERRORREPORT:PROMPT /OUT:"D:\Денис\2 сем\оаип\лабы\laba7\x64\Debug\var2.exe" /INCREMENTAL /ILK:"x64\Debug\var2.ilk" /NOLOGO kernel32.lib user32.lib gdi32.lib winspool.lib comdlg32.lib advapi32.lib shell32.lib ole32.lib oleaut32.lib uuid.lib odbc32.lib odbccp32.lib /MANIFEST /MANIFESTUAC:"level='asInvoker' uiAccess='false'" /manifest:embed /DEBUG /PDB:"D:\Денис\2 сем\оаип\лабы\laba7\x64\Debug\var2.pdb" /SUBSYSTEM:CONSOLE /TLBID:1 /DYNAMICBASE /NXCOMPAT /IMPLIB:"D:\Денис\2 сем\оаип\лабы\laba7\x64\Debug\var2.lib" /MACHINE:X64 x64\Debug\func.obj
         x64\Debug\var2.obj
         var2.vcxproj -> D:\Денис\2 сем\оаип\лабы\laba7\x64\Debug\var2.exe
       FinalizeBuildStatus:
         Файл "x64\Debug\var2.tlog\unsuccessfulbuild" удаляется.
         Обращение к "x64\Debug\var2.tlog\var2.lastbuildstate".
     1>Сборка проекта "D:\Денис\2 сем\оаип\лабы\laba7\var2\var2.vcxproj" завершена (целевые объекты Build).

Сборка успешно завершена.

       "D:\Денис\2 сем\оаип\лабы\laba7\var2\var2.vcxproj" (целевой объект Build ) (1) ->
       (Целевой объект ClCompile) -> 
         D:\Денис\2 сем\оаип\лабы\laba7\var2\func.cpp(80,10): warning C4101: buf: неиспользованная локальная переменная

    Предупреждений: 1
    Ошибок: 0

Прошло времени 00:00:01.17
